# –ü–æ–∏—Å–∫

```sql
ANALYZE snippets;
EXPLAIN ANALYSE SELECT msg_id, snippet
FROM snippets
WHERE fts @@ plainto_tsquery('russian', '–ó–µ–ª–µ–Ω—Å–∫–∏–π')
  AND fts @@ plainto_tsquery('english', 'leggings');
```
```text
+---------------------------------------------------------------------------------------------------------------------------------------+
|QUERY PLAN                                                                                                                             |
+---------------------------------------------------------------------------------------------------------------------------------------+
|Append  (cost=31.08..5514.29 rows=1846 width=1073) (actual time=0.236..12.840 rows=1784 loops=1)                                       |
|  ->  Bitmap Heap Scan on snippets_p0 snippets_1  (cost=31.08..569.46 rows=193 width=1060) (actual time=0.236..1.391 rows=195 loops=1) |
|        Recheck Cond: ((fts @@ '''–ó–µ–ª–µ–Ω—Å–∫'''::tsquery) AND (fts @@ '''leg'''::tsquery))                                                |
|        Heap Blocks: exact=186                                                                                                         |
|        ->  Bitmap Index Scan on snippets_p0_fts_idx  (cost=0.00..31.03 rows=193 width=0) (actual time=0.201..0.201 rows=195 loops=1)  |
|              Index Cond: ((fts @@ '''–ó–µ–ª–µ–Ω—Å–∫'''::tsquery) AND (fts @@ '''leg'''::tsquery))                                            |
|  ->  Bitmap Heap Scan on snippets_p1 snippets_2  (cost=31.04..557.69 rows=186 width=1076) (actual time=0.256..1.221 rows=174 loops=1) |
|        Recheck Cond: ((fts @@ '''–ó–µ–ª–µ–Ω—Å–∫'''::tsquery) AND (fts @@ '''leg'''::tsquery))                                                |
|        Heap Blocks: exact=169                                                                                                         |
|        ->  Bitmap Index Scan on snippets_p1_fts_idx  (cost=0.00..31.00 rows=186 width=0) (actual time=0.222..0.222 rows=174 loops=1)  |
|              Index Cond: ((fts @@ '''–ó–µ–ª–µ–Ω—Å–∫'''::tsquery) AND (fts @@ '''leg'''::tsquery))                                            |
|  ->  Bitmap Heap Scan on snippets_p2 snippets_3  (cost=31.12..586.15 rows=202 width=1084) (actual time=0.242..1.340 rows=199 loops=1) |
|        Recheck Cond: ((fts @@ '''–ó–µ–ª–µ–Ω—Å–∫'''::tsquery) AND (fts @@ '''leg'''::tsquery))                                                |
|        Heap Blocks: exact=192                                                                                                         |
|        ->  Bitmap Index Scan on snippets_p2_fts_idx  (cost=0.00..31.07 rows=202 width=0) (actual time=0.204..0.204 rows=199 loops=1)  |
|              Index Cond: ((fts @@ '''–ó–µ–ª–µ–Ω—Å–∫'''::tsquery) AND (fts @@ '''leg'''::tsquery))                                            |
|  ->  Bitmap Heap Scan on snippets_p3 snippets_4  (cost=30.96..519.64 rows=171 width=1071) (actual time=0.267..1.276 rows=157 loops=1) |
|        Recheck Cond: ((fts @@ '''–ó–µ–ª–µ–Ω—Å–∫'''::tsquery) AND (fts @@ '''leg'''::tsquery))                                                |
|        Heap Blocks: exact=146                                                                                                         |
|        ->  Bitmap Index Scan on snippets_p3_fts_idx  (cost=0.00..30.92 rows=171 width=0) (actual time=0.228..0.228 rows=157 loops=1)  |
|              Index Cond: ((fts @@ '''–ó–µ–ª–µ–Ω—Å–∫'''::tsquery) AND (fts @@ '''leg'''::tsquery))                                            |
|  ->  Bitmap Heap Scan on snippets_p4 snippets_5  (cost=30.97..525.57 rows=173 width=1074) (actual time=0.275..1.164 rows=176 loops=1) |
|        Recheck Cond: ((fts @@ '''–ó–µ–ª–µ–Ω—Å–∫'''::tsquery) AND (fts @@ '''leg'''::tsquery))                                                |
|        Heap Blocks: exact=165                                                                                                         |
|        ->  Bitmap Index Scan on snippets_p4_fts_idx  (cost=0.00..30.93 rows=173 width=0) (actual time=0.236..0.236 rows=176 loops=1)  |
|              Index Cond: ((fts @@ '''–ó–µ–ª–µ–Ω—Å–∫'''::tsquery) AND (fts @@ '''leg'''::tsquery))                                            |
|  ->  Bitmap Heap Scan on snippets_p5 snippets_6  (cost=31.05..553.77 rows=187 width=1071) (actual time=0.206..1.045 rows=153 loops=1) |
|        Recheck Cond: ((fts @@ '''–ó–µ–ª–µ–Ω—Å–∫'''::tsquery) AND (fts @@ '''leg'''::tsquery))                                                |
|        Heap Blocks: exact=151                                                                                                         |
|        ->  Bitmap Index Scan on snippets_p5_fts_idx  (cost=0.00..31.00 rows=187 width=0) (actual time=0.175..0.175 rows=153 loops=1)  |
|              Index Cond: ((fts @@ '''–ó–µ–ª–µ–Ω—Å–∫'''::tsquery) AND (fts @@ '''leg'''::tsquery))                                            |
|  ->  Bitmap Heap Scan on snippets_p6 snippets_7  (cost=31.12..584.83 rows=200 width=1082) (actual time=0.347..1.461 rows=205 loops=1) |
|        Recheck Cond: ((fts @@ '''–ó–µ–ª–µ–Ω—Å–∫'''::tsquery) AND (fts @@ '''leg'''::tsquery))                                                |
|        Heap Blocks: exact=194                                                                                                         |
|        ->  Bitmap Index Scan on snippets_p6_fts_idx  (cost=0.00..31.07 rows=200 width=0) (actual time=0.309..0.309 rows=205 loops=1)  |
|              Index Cond: ((fts @@ '''–ó–µ–ª–µ–Ω—Å–∫'''::tsquery) AND (fts @@ '''leg'''::tsquery))                                            |
|  ->  Bitmap Heap Scan on snippets_p7 snippets_8  (cost=30.96..519.64 rows=171 width=1074) (actual time=0.287..1.186 rows=169 loops=1) |
|        Recheck Cond: ((fts @@ '''–ó–µ–ª–µ–Ω—Å–∫'''::tsquery) AND (fts @@ '''leg'''::tsquery))                                                |
|        Heap Blocks: exact=159                                                                                                         |
|        ->  Bitmap Index Scan on snippets_p7_fts_idx  (cost=0.00..30.92 rows=171 width=0) (actual time=0.215..0.215 rows=169 loops=1)  |
|              Index Cond: ((fts @@ '''–ó–µ–ª–µ–Ω—Å–∫'''::tsquery) AND (fts @@ '''leg'''::tsquery))                                            |
|  ->  Bitmap Heap Scan on snippets_p8 snippets_9  (cost=31.00..535.40 rows=178 width=1071) (actual time=0.248..1.380 rows=175 loops=1) |
|        Recheck Cond: ((fts @@ '''–ó–µ–ª–µ–Ω—Å–∫'''::tsquery) AND (fts @@ '''leg'''::tsquery))                                                |
|        Heap Blocks: exact=165                                                                                                         |
|        ->  Bitmap Index Scan on snippets_p8_fts_idx  (cost=0.00..30.96 rows=178 width=0) (actual time=0.207..0.208 rows=175 loops=1)  |
|              Index Cond: ((fts @@ '''–ó–µ–ª–µ–Ω—Å–∫'''::tsquery) AND (fts @@ '''leg'''::tsquery))                                            |
|  ->  Bitmap Heap Scan on snippets_p9 snippets_10  (cost=31.03..552.91 rows=185 width=1065) (actual time=0.258..1.216 rows=181 loops=1)|
|        Recheck Cond: ((fts @@ '''–ó–µ–ª–µ–Ω—Å–∫'''::tsquery) AND (fts @@ '''leg'''::tsquery))                                                |
|        Heap Blocks: exact=169                                                                                                         |
|        ->  Bitmap Index Scan on snippets_p9_fts_idx  (cost=0.00..30.99 rows=185 width=0) (actual time=0.225..0.225 rows=181 loops=1)  |
|              Index Cond: ((fts @@ '''–ó–µ–ª–µ–Ω—Å–∫'''::tsquery) AND (fts @@ '''leg'''::tsquery))                                            |
|Planning Time: 11.670 ms                                                                                                               |
|Execution Time: 13.186 ms                                                                                                              |
+---------------------------------------------------------------------------------------------------------------------------------------+
```

- –ò—Å–ø–æ–ª—å–∑–æ–≤–∞–Ω–æ hash-–ø–∞—Ä—Ç–∏—Ü–∏–æ–Ω–∏—Ä–æ–≤–∞–Ω–∏–µ –Ω–∞ 10 —á–∞—Å—Ç–µ–π
- –ü–ª–∞–Ω–∏—Ä–æ–≤—â–∏–∫ –¥–µ–ª–∞–µ—Ç Append –ø–æ –≤—Å–µ–º –ø–∞—Ä—Ç–∏—Ü–∏—è–º (snippets_p0 ‚Ä¶ snippets_p9),
- –í –∫–∞–∂–¥–æ–π ‚Äî Bitmap Index Scan –ø–æ GIN-–∏–Ω–¥–µ–∫—Å—É –Ω–∞ fts,
- –î–∞–ª—å—à–µ Bitmap Heap Scan –¥–ª—è –≤—ã—Ç–∞—Å–∫–∏–≤–∞–Ω–∏—è —Å—Ç—Ä–æ–∫.
- Execution Time: 13 ms –≤–º–µ—Å—Ç–æ —Å–æ—Ç–µ–Ω –º–∏–ª–ª–∏—Å–µ–∫—É–Ω–¥/—Å–µ–∫—É–Ω–¥, –∫–æ—Ç–æ—Ä—ã–µ —è –≤–∏–¥–µ–ª –ø—Ä–∏ RANGE-–ø–∞—Ä—Ç–∏—Ü–∏–æ–Ω–∏—Ä–æ–≤–∞–Ω–∏–∏ –±–µ–∑ –∞–∫—Ç—É–∞–ª—å–Ω–æ–π —Å—Ç–∞—Ç–∏—Å—Ç–∏–∫–∏.
- –ö–∞–∂–¥–∞—è –ø–∞—Ä—Ç–∏—Ü–∏—è –¥–∞—ë—Ç –∫—É—Å–æ—á–µ–∫ —Ä–µ–∑—É–ª—å—Ç–∞—Ç–∞, –∏ –≤—Å—ë —ç—Ç–æ —Å–∫–ª–∞–¥—ã–≤–∞–µ—Ç—Å—è.

## üîë –í–∞–∂–Ω—ã–µ –≤—ã–≤–æ–¥—ã:

- HASH-–ø–∞—Ä—Ç–∏—Ü–∏–æ–Ω–∏—Ä–æ–≤–∞–Ω–∏–µ –ø–æ msg_id —Ä–∞–±–æ—Ç–∞–µ—Ç –æ–∂–∏–¥–∞–µ–º–æ: Postgres –≤—ã–Ω—É–∂–¥–µ–Ω –ø—Ä–æ–π—Ç–∏ –≤—Å–µ 10 –ø–∞—Ä—Ç–∏—Ü–∏–π, –ø–æ—Ç–æ–º—É —á—Ç–æ —É—Å–ª–æ–≤–∏–µ —Ñ–∏–ª—å—Ç—Ä–∞—Ü–∏–∏ –ø–æ fts, –∞ –Ω–µ –ø–æ msg_id.
- –ï—Å–ª–∏ –±—ã —É—Å–ª–æ–≤–∏–µ –±—ã–ª–æ –≤–∏–¥–∞ msg_id = 12345, —Ç–æ –æ—Ç—Ä–∞–±–æ—Ç–∞–ª–∞ –±—ã —Ç–æ–ª—å–∫–æ –æ–¥–Ω–∞ –ø–∞—Ä—Ç–∏—Ü–∏—è (Postgres –≤—ã—á–∏—Å–ª—è–µ—Ç hash(12345) % 10).
- FTS-–∑–∞–ø—Ä–æ—Å—ã –ø—Ä–µ–∫—Ä–∞—Å–Ω–æ –∏—Å–ø–æ–ª—å–∑—É—é—Ç GIN-–∏–Ω–¥–µ–∫—Å—ã –≤–Ω—É—Ç—Ä–∏ –ø–∞—Ä—Ç–∏—Ü–∏–π.
- ANALYZE —Ä–µ–∞–ª—å–Ω–æ –∫—Ä–∏—Ç–∏—á–µ–Ω –¥–ª—è —Ç–∞–∫–∏—Ö –∑–∞–ø—Ä–æ—Å–æ–≤ ‚Äî –¥–æ –Ω–µ–≥–æ –ø–ª–∞–Ω–∏—Ä–æ–≤—â–∏–∫ –º–æ–∂–µ—Ç –ø–µ—Ä–µ–æ—Ü–µ–Ω–∏–≤–∞—Ç—å —Å–µ–ª–µ–∫—Ç–∏–≤–Ω–æ—Å—Ç—å –∏ —Å–∫–∞–Ω–∏—Ç—å –ø–æ—Å–ª–µ–¥–æ–≤–∞—Ç–µ–ª—å–Ω–æ.